<?xml version="1.0" encoding="UTF-8"?>
<testsuite name="com.in28minutes.springboot.controller.SurveyControllerTest" time="0.37" tests="3" errors="0" skipped="0" failures="0">
  <properties>
[...]
</properties>
  <testcase name="retrieveQuestion" classname="com.in28minutes.springboot.controller.SurveyControllerTest" time="0.257"/>
  <testcase name="retrieveSurveyQuestions" classname="com.in28minutes.springboot.controller.SurveyControllerTest" time="0.02"/>
  <testcase name="createSurveyQuestion" classname="com.in28minutes.springboot.controller.SurveyControllerTest" time="0.093"/>
</testsuite>